<?xml version="1.0" encoding="UTF-8"?>
<testsuite xmlns:xsi="http://www.w3.org/2001/XMLSchema-instance" xsi:noNamespaceSchemaLocation="https://maven.apache.org/surefire/maven-surefire-plugin/xsd/surefire-test-report.xsd" name="ghostcat.crm.workbench.ActivityTest" time="2.021" tests="1" errors="0" skipped="0" failures="0">
  <properties>
    <property name="java.specification.version" value="14"/>
    <property name="sun.cpu.isalist" value="amd64"/>
    <property name="sun.jnu.encoding" value="GBK"/>
    <property name="java.class.path" value="C:\Users\GhostCat\Desktop\WorkSpace\Project\CRM\target\test-classes;C:\Users\GhostCat\Desktop\WorkSpace\Project\CRM\target\classes;C:\Users\GhostCat\Desktop\WorkSpace\MavenWareHouse\.m2\repository\junit\junit\4.12\junit-4.12.jar;C:\Users\GhostCat\Desktop\WorkSpace\MavenWareHouse\.m2\repository\org\hamcrest\hamcrest-core\1.3\hamcrest-core-1.3.jar;C:\Users\GhostCat\Desktop\WorkSpace\MavenWareHouse\.m2\repository\org\springframework\spring-test\5.3.8\spring-test-5.3.8.jar;C:\Users\GhostCat\Desktop\WorkSpace\MavenWareHouse\.m2\repository\org\springframework\spring-context\5.3.6\spring-context-5.3.6.jar;C:\Users\GhostCat\Desktop\WorkSpace\MavenWareHouse\.m2\repository\org\springframework\spring-beans\5.3.6\spring-beans-5.3.6.jar;C:\Users\GhostCat\Desktop\WorkSpace\MavenWareHouse\.m2\repository\org\springframework\spring-expression\5.3.6\spring-expression-5.3.6.jar;C:\Users\GhostCat\Desktop\WorkSpace\MavenWareHouse\.m2\repository\org\springframework\spring-web\5.3.6\spring-web-5.3.6.jar;C:\Users\GhostCat\Desktop\WorkSpace\MavenWareHouse\.m2\repository\org\springframework\spring-webmvc\5.3.6\spring-webmvc-5.3.6.jar;C:\Users\GhostCat\Desktop\WorkSpace\MavenWareHouse\.m2\repository\org\springframework\spring-aop\5.3.6\spring-aop-5.3.6.jar;C:\Users\GhostCat\Desktop\WorkSpace\MavenWareHouse\.m2\repository\org\springframework\spring-core\5.3.6\spring-core-5.3.6.jar;C:\Users\GhostCat\Desktop\WorkSpace\MavenWareHouse\.m2\repository\org\springframework\spring-jcl\5.3.6\spring-jcl-5.3.6.jar;C:\Users\GhostCat\Desktop\WorkSpace\MavenWareHouse\.m2\repository\org\springframework\spring-jdbc\5.3.6\spring-jdbc-5.3.6.jar;C:\Users\GhostCat\Desktop\WorkSpace\MavenWareHouse\.m2\repository\org\springframework\spring-tx\5.3.6\spring-tx-5.3.6.jar;C:\Users\GhostCat\Desktop\WorkSpace\MavenWareHouse\.m2\repository\org\springframework\spring-aspects\5.3.6\spring-aspects-5.3.6.jar;C:\Users\GhostCat\Desktop\WorkSpace\MavenWareHouse\.m2\repository\org\aspectj\aspectjweaver\1.9.6\aspectjweaver-1.9.6.jar;C:\Users\GhostCat\Desktop\WorkSpace\MavenWareHouse\.m2\repository\org\mybatis\mybatis-spring\2.0.6\mybatis-spring-2.0.6.jar;C:\Users\GhostCat\Desktop\WorkSpace\MavenWareHouse\.m2\repository\org\mybatis\mybatis\3.5.6\mybatis-3.5.6.jar;C:\Users\GhostCat\Desktop\WorkSpace\MavenWareHouse\.m2\repository\mysql\mysql-connector-java\8.0.24\mysql-connector-java-8.0.24.jar;C:\Users\GhostCat\Desktop\WorkSpace\MavenWareHouse\.m2\repository\com\google\protobuf\protobuf-java\3.11.4\protobuf-java-3.11.4.jar;C:\Users\GhostCat\Desktop\WorkSpace\MavenWareHouse\.m2\repository\javax\servlet\javax.servlet-api\4.0.1\javax.servlet-api-4.0.1.jar;C:\Users\GhostCat\Desktop\WorkSpace\MavenWareHouse\.m2\repository\javax\servlet\jsp\javax.servlet.jsp-api\2.3.3\javax.servlet.jsp-api-2.3.3.jar;C:\Users\GhostCat\Desktop\WorkSpace\MavenWareHouse\.m2\repository\com\alibaba\druid\1.2.6\druid-1.2.6.jar;C:\Users\GhostCat\Desktop\WorkSpace\MavenWareHouse\.m2\repository\com\fasterxml\jackson\core\jackson-core\2.12.3\jackson-core-2.12.3.jar;C:\Users\GhostCat\Desktop\WorkSpace\MavenWareHouse\.m2\repository\com\fasterxml\jackson\core\jackson-databind\2.12.3\jackson-databind-2.12.3.jar;C:\Users\GhostCat\Desktop\WorkSpace\MavenWareHouse\.m2\repository\com\fasterxml\jackson\core\jackson-annotations\2.12.3\jackson-annotations-2.12.3.jar;C:\Users\GhostCat\Desktop\WorkSpace\MavenWareHouse\.m2\repository\javax\annotation\javax.annotation-api\1.3.2\javax.annotation-api-1.3.2.jar;C:\Users\GhostCat\Desktop\WorkSpace\MavenWareHouse\.m2\repository\org\apache\logging\log4j\log4j-core\2.14.1\log4j-core-2.14.1.jar;C:\Users\GhostCat\Desktop\WorkSpace\MavenWareHouse\.m2\repository\org\slf4j\slf4j-api\1.7.30\slf4j-api-1.7.30.jar;C:\Users\GhostCat\Desktop\WorkSpace\MavenWareHouse\.m2\repository\org\apache\logging\log4j\log4j-api\2.14.1\log4j-api-2.14.1.jar;C:\Users\GhostCat\Desktop\WorkSpace\MavenWareHouse\.m2\repository\com\github\pagehelper\pagehelper\5.2.0\pagehelper-5.2.0.jar;C:\Users\GhostCat\Desktop\WorkSpace\MavenWareHouse\.m2\repository\com\github\jsqlparser\jsqlparser\3.2\jsqlparser-3.2.jar;C:\Users\GhostCat\Desktop\WorkSpace\MavenWareHouse\.m2\repository\javax\el\javax.el-api\3.0.1-b06\javax.el-api-3.0.1-b06.jar;C:\Users\GhostCat\Desktop\WorkSpace\MavenWareHouse\.m2\repository\javax\servlet\jstl\1.2\jstl-1.2.jar;"/>
    <property name="java.vm.vendor" value="Oracle Corporation"/>
    <property name="sun.arch.data.model" value="64"/>
    <property name="user.variant" value=""/>
    <property name="java.vendor.url" value="https://java.oracle.com/"/>
    <property name="user.timezone" value="Asia/Shanghai"/>
    <property name="os.name" value="Windows 10"/>
    <property name="java.vm.specification.version" value="14"/>
    <property name="sun.java.launcher" value="SUN_STANDARD"/>
    <property name="user.country" value="CN"/>
    <property name="sun.boot.library.path" value="C:\Program Files\Java\jdk-14.0.2\bin"/>
    <property name="sun.java.command" value="C:\Users\GhostCat\AppData\Local\Temp\surefire17203428689670640562\surefirebooter2805437558820092152.jar C:\Users\GhostCat\AppData\Local\Temp\surefire17203428689670640562 2021-08-20T21-56-25_791-jvmRun1 surefire1274225580474716263tmp surefire_04699905781471677005tmp"/>
    <property name="jdk.debug" value="release"/>
    <property name="surefire.test.class.path" value="C:\Users\GhostCat\Desktop\WorkSpace\Project\CRM\target\test-classes;C:\Users\GhostCat\Desktop\WorkSpace\Project\CRM\target\classes;C:\Users\GhostCat\Desktop\WorkSpace\MavenWareHouse\.m2\repository\junit\junit\4.12\junit-4.12.jar;C:\Users\GhostCat\Desktop\WorkSpace\MavenWareHouse\.m2\repository\org\hamcrest\hamcrest-core\1.3\hamcrest-core-1.3.jar;C:\Users\GhostCat\Desktop\WorkSpace\MavenWareHouse\.m2\repository\org\springframework\spring-test\5.3.8\spring-test-5.3.8.jar;C:\Users\GhostCat\Desktop\WorkSpace\MavenWareHouse\.m2\repository\org\springframework\spring-context\5.3.6\spring-context-5.3.6.jar;C:\Users\GhostCat\Desktop\WorkSpace\MavenWareHouse\.m2\repository\org\springframework\spring-beans\5.3.6\spring-beans-5.3.6.jar;C:\Users\GhostCat\Desktop\WorkSpace\MavenWareHouse\.m2\repository\org\springframework\spring-expression\5.3.6\spring-expression-5.3.6.jar;C:\Users\GhostCat\Desktop\WorkSpace\MavenWareHouse\.m2\repository\org\springframework\spring-web\5.3.6\spring-web-5.3.6.jar;C:\Users\GhostCat\Desktop\WorkSpace\MavenWareHouse\.m2\repository\org\springframework\spring-webmvc\5.3.6\spring-webmvc-5.3.6.jar;C:\Users\GhostCat\Desktop\WorkSpace\MavenWareHouse\.m2\repository\org\springframework\spring-aop\5.3.6\spring-aop-5.3.6.jar;C:\Users\GhostCat\Desktop\WorkSpace\MavenWareHouse\.m2\repository\org\springframework\spring-core\5.3.6\spring-core-5.3.6.jar;C:\Users\GhostCat\Desktop\WorkSpace\MavenWareHouse\.m2\repository\org\springframework\spring-jcl\5.3.6\spring-jcl-5.3.6.jar;C:\Users\GhostCat\Desktop\WorkSpace\MavenWareHouse\.m2\repository\org\springframework\spring-jdbc\5.3.6\spring-jdbc-5.3.6.jar;C:\Users\GhostCat\Desktop\WorkSpace\MavenWareHouse\.m2\repository\org\springframework\spring-tx\5.3.6\spring-tx-5.3.6.jar;C:\Users\GhostCat\Desktop\WorkSpace\MavenWareHouse\.m2\repository\org\springframework\spring-aspects\5.3.6\spring-aspects-5.3.6.jar;C:\Users\GhostCat\Desktop\WorkSpace\MavenWareHouse\.m2\repository\org\aspectj\aspectjweaver\1.9.6\aspectjweaver-1.9.6.jar;C:\Users\GhostCat\Desktop\WorkSpace\MavenWareHouse\.m2\repository\org\mybatis\mybatis-spring\2.0.6\mybatis-spring-2.0.6.jar;C:\Users\GhostCat\Desktop\WorkSpace\MavenWareHouse\.m2\repository\org\mybatis\mybatis\3.5.6\mybatis-3.5.6.jar;C:\Users\GhostCat\Desktop\WorkSpace\MavenWareHouse\.m2\repository\mysql\mysql-connector-java\8.0.24\mysql-connector-java-8.0.24.jar;C:\Users\GhostCat\Desktop\WorkSpace\MavenWareHouse\.m2\repository\com\google\protobuf\protobuf-java\3.11.4\protobuf-java-3.11.4.jar;C:\Users\GhostCat\Desktop\WorkSpace\MavenWareHouse\.m2\repository\javax\servlet\javax.servlet-api\4.0.1\javax.servlet-api-4.0.1.jar;C:\Users\GhostCat\Desktop\WorkSpace\MavenWareHouse\.m2\repository\javax\servlet\jsp\javax.servlet.jsp-api\2.3.3\javax.servlet.jsp-api-2.3.3.jar;C:\Users\GhostCat\Desktop\WorkSpace\MavenWareHouse\.m2\repository\com\alibaba\druid\1.2.6\druid-1.2.6.jar;C:\Users\GhostCat\Desktop\WorkSpace\MavenWareHouse\.m2\repository\com\fasterxml\jackson\core\jackson-core\2.12.3\jackson-core-2.12.3.jar;C:\Users\GhostCat\Desktop\WorkSpace\MavenWareHouse\.m2\repository\com\fasterxml\jackson\core\jackson-databind\2.12.3\jackson-databind-2.12.3.jar;C:\Users\GhostCat\Desktop\WorkSpace\MavenWareHouse\.m2\repository\com\fasterxml\jackson\core\jackson-annotations\2.12.3\jackson-annotations-2.12.3.jar;C:\Users\GhostCat\Desktop\WorkSpace\MavenWareHouse\.m2\repository\javax\annotation\javax.annotation-api\1.3.2\javax.annotation-api-1.3.2.jar;C:\Users\GhostCat\Desktop\WorkSpace\MavenWareHouse\.m2\repository\org\apache\logging\log4j\log4j-core\2.14.1\log4j-core-2.14.1.jar;C:\Users\GhostCat\Desktop\WorkSpace\MavenWareHouse\.m2\repository\org\slf4j\slf4j-api\1.7.30\slf4j-api-1.7.30.jar;C:\Users\GhostCat\Desktop\WorkSpace\MavenWareHouse\.m2\repository\org\apache\logging\log4j\log4j-api\2.14.1\log4j-api-2.14.1.jar;C:\Users\GhostCat\Desktop\WorkSpace\MavenWareHouse\.m2\repository\com\github\pagehelper\pagehelper\5.2.0\pagehelper-5.2.0.jar;C:\Users\GhostCat\Desktop\WorkSpace\MavenWareHouse\.m2\repository\com\github\jsqlparser\jsqlparser\3.2\jsqlparser-3.2.jar;C:\Users\GhostCat\Desktop\WorkSpace\MavenWareHouse\.m2\repository\javax\el\javax.el-api\3.0.1-b06\javax.el-api-3.0.1-b06.jar;C:\Users\GhostCat\Desktop\WorkSpace\MavenWareHouse\.m2\repository\javax\servlet\jstl\1.2\jstl-1.2.jar;"/>
    <property name="sun.cpu.endian" value="little"/>
    <property name="user.home" value="C:\Users\GhostCat"/>
    <property name="user.language" value="zh"/>
    <property name="java.specification.vendor" value="Oracle Corporation"/>
    <property name="java.version.date" value="2020-07-14"/>
    <property name="java.home" value="C:\Program Files\Java\jdk-14.0.2"/>
    <property name="file.separator" value="\"/>
    <property name="basedir" value="C:\Users\GhostCat\Desktop\WorkSpace\Project\CRM"/>
    <property name="java.vm.compressedOopsMode" value="Zero based"/>
    <property name="line.separator" value="&#10;"/>
    <property name="java.vm.specification.vendor" value="Oracle Corporation"/>
    <property name="java.specification.name" value="Java Platform API Specification"/>
    <property name="surefire.real.class.path" value="C:\Users\GhostCat\AppData\Local\Temp\surefire17203428689670640562\surefirebooter2805437558820092152.jar"/>
    <property name="user.script" value=""/>
    <property name="sun.management.compiler" value="HotSpot 64-Bit Tiered Compilers"/>
    <property name="java.runtime.version" value="14.0.2+12-46"/>
    <property name="user.name" value="GhostCat"/>
    <property name="path.separator" value=";"/>
    <property name="os.version" value="10.0"/>
    <property name="java.runtime.name" value="Java(TM) SE Runtime Environment"/>
    <property name="file.encoding" value="GBK"/>
    <property name="java.vm.name" value="Java HotSpot(TM) 64-Bit Server VM"/>
    <property name="localRepository" value="C:\Users\GhostCat\Desktop\WorkSpace\MavenWareHouse\.m2\repository"/>
    <property name="java.vendor.url.bug" value="https://bugreport.java.com/bugreport/"/>
    <property name="java.io.tmpdir" value="C:\Users\GhostCat\AppData\Local\Temp\"/>
    <property name="idea.version" value="2021.1"/>
    <property name="java.version" value="14.0.2"/>
    <property name="user.dir" value="C:\Users\GhostCat\Desktop\WorkSpace\Project\CRM"/>
    <property name="os.arch" value="amd64"/>
    <property name="java.vm.specification.name" value="Java Virtual Machine Specification"/>
    <property name="sun.os.patch.level" value=""/>
    <property name="java.library.path" value="C:\Program Files\Java\jdk-14.0.2\bin;C:\WINDOWS\Sun\Java\bin;C:\WINDOWS\system32;C:\WINDOWS;C:\WINDOWS\system32;C:\WINDOWS;C:\WINDOWS\System32\Wbem;C:\WINDOWS\System32\WindowsPowerShell\v1.0\;C:\WINDOWS\System32\OpenSSH\;C:\Program Files\Java\jdk-14.0.2\bin;C:\Users\GhostCat\Desktop\WorkSpace\apache-tomcat-9.0.45\lib;C:\Users\GhostCat\Desktop\WorkSpace\apache-tomcat-9.0.45\bin;C:\Users\GhostCat\Desktop\WorkSpace\apache-maven-3.8.1\bin;C:\Program Files (x86)\NVIDIA Corporation\PhysX\Common;C:\Program Files\NVIDIA Corporation\NVIDIA NvDLISR;C:\WINDOWS\system32;C:\WINDOWS;C:\WINDOWS\System32\Wbem;C:\WINDOWS\System32\WindowsPowerShell\v1.0\;C:\WINDOWS\System32\OpenSSH\;H:\Git\cmd;H:\工具\Xshell\;H:\工具\Xftp\;C:\Program Files\MySQL\MySQL Shell 8.0\bin\;C:\Users\GhostCat\AppData\Local\Microsoft\WindowsApps;;."/>
    <property name="java.vm.info" value="mixed mode, sharing"/>
    <property name="java.vendor" value="Oracle Corporation"/>
    <property name="java.vm.version" value="14.0.2+12-46"/>
    <property name="sun.io.unicode.encoding" value="UnicodeLittle"/>
    <property name="maven.repo.local" value="C:\Users\GhostCat\Desktop\WorkSpace\MavenWareHouse\.m2\repository"/>
    <property name="java.class.version" value="58.0"/>
  </properties>
  <testcase name="testA" classname="ghostcat.crm.workbench.ActivityTest" time="0.523"/>
</testsuite>